<?xml version="1.0" encoding="UTF-8"?>
<!-- Generated by org.testng.reporters.JUnitReportReporter -->
<testsuite hostname="DESKTOP-93BOKER" failures="0" tests="4" name="LoginRelatedTCs.ReLogin" time="17.741" errors="0" timestamp="2021-01-26T14:17:07 IST" skipped="0">
  <testcase classname="LoginRelatedTCs.ReLogin" name="LoginTest" time="4.222"/>
  <system-out/>
  <testcase classname="LoginRelatedTCs.ReLogin" name="LoginTest" time="1.885"/>
  <system-out/>
  <testcase classname="LoginRelatedTCs.ReLogin" name="LoginTest" time="4.722"/>
  <system-out/>
  <testcase classname="LoginRelatedTCs.ReLogin" name="LoginTest" time="6.912"/>
  <system-out/>
</testsuite> <!-- LoginRelatedTCs.ReLogin -->
