<?xml version="1.0" encoding="UTF-8"?>
<!-- Generated by org.testng.reporters.JUnitReportReporter -->
<testsuite hostname="DESKTOP-93BOKER" failures="0" tests="4" name="LoginRelatedTCs.LoginUsingJXL_Jar" time="23.045" errors="0" timestamp="2021-03-01T20:46:26 IST" skipped="0">
  <testcase classname="LoginRelatedTCs.LoginUsingJXL_Jar" name="LoginTest" time="2.002"/>
  <system-out/>
  <testcase classname="LoginRelatedTCs.LoginUsingJXL_Jar" name="LoginTest" time="6.772"/>
  <system-out/>
  <testcase classname="LoginRelatedTCs.LoginUsingJXL_Jar" name="LoginTest" time="1.714"/>
  <system-out/>
  <testcase classname="LoginRelatedTCs.LoginUsingJXL_Jar" name="LoginTest" time="12.557"/>
  <system-out/>
</testsuite> <!-- LoginRelatedTCs.LoginUsingJXL_Jar -->
