<?xml version="1.0" encoding="UTF-8"?>
<!-- Generated by org.testng.reporters.JUnitReportReporter -->
<testsuite hostname="DESKTOP-93BOKER" failures="0" tests="1" name="LoginRelatedTCs.TC02_InvalidPassword" time="2.613" errors="0" timestamp="2021-01-24T01:40:42 IST" skipped="0">
  <testcase classname="LoginRelatedTCs.TC02_InvalidPassword" name="LoginPage" time="2.613"/>
  <system-out/>
</testsuite> <!-- LoginRelatedTCs.TC02_InvalidPassword -->
