<?xml version="1.0" encoding="UTF-8"?>
<!-- Generated by org.testng.reporters.JUnitReportReporter -->
<testsuite hostname="DESKTOP-93BOKER" failures="0" tests="4" name="LoginRelatedTCs.TC01_Login" time="55.949" errors="0" timestamp="2021-03-01T20:53:59 IST" skipped="0">
  <testcase classname="LoginRelatedTCs.TC01_Login" name="LoginPage" time="17.385"/>
  <system-out/>
  <testcase classname="LoginRelatedTCs.TC01_Login" name="LoginPage" time="10.631"/>
  <system-out/>
  <testcase classname="LoginRelatedTCs.TC01_Login" name="LoginPage" time="10.130"/>
  <system-out/>
  <testcase classname="LoginRelatedTCs.TC01_Login" name="LoginPage" time="17.803"/>
  <system-out/>
</testsuite> <!-- LoginRelatedTCs.TC01_Login -->
